<?xml version="1.0" encoding="UTF-8"?>
<!-- Generated by org.testng.reporters.JUnitReportReporter -->
<testsuite skipped="0" hostname="Manus-MacBook-Pro.local" name="com.project.test.TestAmazonApp" tests="1" failures="0" timestamp="20 Aug 2020 16:27:41 GMT" time="0.010" errors="0">
  <testcase name="login" time="0.010" classname="com.project.test.TestAmazonApp"/>
</testsuite> <!-- com.project.test.TestAmazonApp -->
